<?xml version="1.0" encoding="UTF-8"?>
<!-- Generated by org.testng.reporters.JUnitXMLReporter -->
<testsuite ignored="1" hostname="DESKTOP-AJIP6LC" failures="0" tests="2" name="Default test" time="19.716" errors="0" timestamp="21 May 2021 07:04:01 GMT">
  <testcase classname="Practicecode.Hyrpractice" name="mytestcase1" time="3.478"/>
  <testcase classname="Practicecode.Hyrpractice" name="mytestcase1" time="0.765"/>
  <testcase classname="Practicecode.Hyrpractice" name="mytestcase2" time="0.0">
    <ignored/>
  </testcase> <!-- mytestcase2 -->
</testsuite> <!-- Default test -->
