<?xml version="1.0" encoding="UTF-8"?>
<!-- Generated by org.testng.reporters.JUnitXMLReporter -->
<testsuite ignored="0" hostname="DESKTOP-AJIP6LC" failures="1" tests="2" name="Test" time="34.475" errors="0" timestamp="20 May 2021 17:42:07 GMT">
  <testcase classname="Practicecode.Hyrpractice" name="mytestcase1" time="19.26"/>
  <testcase classname="Practicecode.hyr2" name="mymethod2" time="15.089">
    <failure type="java.lang.AssertionError" message="expected [true] but found [false]">
      <![CDATA[java.lang.AssertionError: expected [true] but found [false]
at Practicecode.hyr2.mymethod2(hyr2.java:38)
... Removed 29 stack frames]]>
    </failure>
  </testcase> <!-- mymethod2 -->
</testsuite> <!-- Test -->
