<?xml version="1.0" encoding="UTF-8"?>
<testng-results ignored="1" total="3" passed="2" failed="0" skipped="0">
  <reporter-output>
  </reporter-output>
  <suite started-at="2021-05-21T07:03:27Z" name="Default suite" finished-at="2021-05-21T07:03:47Z" duration-ms="19716">
    <groups>
    </groups>
    <test started-at="2021-05-21T07:03:27Z" name="Default test" finished-at="2021-05-21T07:03:47Z" duration-ms="19716">
      <class name="Practicecode.Hyrpractice">
        <test-method is-config="true" signature="browsersetup()[pri:0, instance:Practicecode.Hyrpractice@657c8ad9]" started-at="2021-05-21T07:03:27Z" name="browsersetup" finished-at="2021-05-21T07:03:43Z" duration-ms="15369" status="PASS">
          <reporter-output>
          </reporter-output>
        </test-method> <!-- browsersetup -->
        <test-method signature="mytestcase1(java.lang.String, java.lang.String, java.lang.String, java.lang.String)[pri:0, instance:Practicecode.Hyrpractice@657c8ad9]" started-at="2021-05-21T07:03:43Z" name="mytestcase1" data-provider="datasupplier" finished-at="2021-05-21T07:03:46Z" duration-ms="3478" status="PASS">
          <params>
            <param index="0">
              <value>
                <![CDATA[Ekta]]>
              </value>
            </param>
            <param index="1">
              <value>
                <![CDATA[goswami]]>
              </value>
            </param>
            <param index="2">
              <value>
                <![CDATA[ektagoswami@gmail.com]]>
              </value>
            </param>
            <param index="3">
              <value>
                <![CDATA[ekta@123]]>
              </value>
            </param>
          </params>
          <reporter-output>
          </reporter-output>
        </test-method> <!-- mytestcase1 -->
        <test-method signature="mytestcase1(java.lang.String, java.lang.String, java.lang.String, java.lang.String)[pri:0, instance:Practicecode.Hyrpractice@657c8ad9]" started-at="2021-05-21T07:03:46Z" name="mytestcase1" data-provider="datasupplier" finished-at="2021-05-21T07:03:47Z" duration-ms="765" status="PASS">
          <params>
            <param index="0">
              <value>
                <![CDATA[ankita]]>
              </value>
            </param>
            <param index="1">
              <value>
                <![CDATA[goswami]]>
              </value>
            </param>
            <param index="2">
              <value>
                <![CDATA[ankitagoswami@gmail.com]]>
              </value>
            </param>
            <param index="3">
              <value>
                <![CDATA[ankita@123]]>
              </value>
            </param>
          </params>
          <reporter-output>
          </reporter-output>
        </test-method> <!-- mytestcase1 -->
      </class> <!-- Practicecode.Hyrpractice -->
    </test> <!-- Default test -->
  </suite> <!-- Default suite -->
</testng-results>
